<?xml version="1.0" encoding="UTF-8"?>
<robot generator="Robot 3.1.2 (Python 3.7.1 on linux)" generated="20200223 18:47:51.789" rpa="false">
<suite id="s1" name="Tests" source="/home/local/luoyumo/Desktop/eficode_preassignment/tests/Tests">
<suite id="s1-s1" name="TimeTable" source="/home/local/luoyumo/Desktop/eficode_preassignment/tests/Tests/TimeTable.robot">
<test id="s1-s1-t1" name="App should be able to show nearby stops">
<kw name="Begin Web Test" library="Common" type="setup">
<kw name="Open Browser" library="SeleniumLibrary">
<doc>Opens a new browser instance to the optional ``url``.</doc>
<arguments>
<arg>about:blank</arg>
<arg>chrome</arg>
</arguments>
<msg timestamp="20200223 18:47:51.906" level="INFO">Opening browser 'chrome' to base url 'about:blank'.</msg>
<status status="PASS" starttime="20200223 18:47:51.906" endtime="20200223 18:47:52.431"></status>
</kw>
<status status="PASS" starttime="20200223 18:47:51.906" endtime="20200223 18:47:52.432"></status>
</kw>
<kw name="Go to main page" library="TimetableApp">
<kw name="Load" library="LandingPage">
<kw name="Go To" library="SeleniumLibrary">
<doc>Navigates the current browser window to the provided ``url``.</doc>
<arguments>
<arg>${START_URL}</arg>
</arguments>
<msg timestamp="20200223 18:47:52.437" level="INFO">Opening url 'http://localhost:3000'</msg>
<status status="PASS" starttime="20200223 18:47:52.437" endtime="20200223 18:47:53.436"></status>
</kw>
<status status="PASS" starttime="20200223 18:47:52.437" endtime="20200223 18:47:53.436"></status>
</kw>
<kw name="Verify Page Loaded" library="LandingPage">
<kw name="Wait Until Page Contains" library="SeleniumLibrary">
<doc>Waits until ``text`` appears on the current page.</doc>
<arguments>
<arg>Timetable of Public Transportation from Eficode Headquarter</arg>
</arguments>
<status status="PASS" starttime="20200223 18:47:53.437" endtime="20200223 18:47:53.743"></status>
</kw>
<status status="PASS" starttime="20200223 18:47:53.436" endtime="20200223 18:47:53.743"></status>
</kw>
<status status="PASS" starttime="20200223 18:47:52.435" endtime="20200223 18:47:53.743"></status>
</kw>
<kw name="Show a nearby stop" library="TimetableApp">
<arguments>
<arg>Kauppakorkeakoulut</arg>
</arguments>
<kw name="Page Should Contain" library="SeleniumLibrary">
<doc>Verifies that current page contains ``text``.</doc>
<arguments>
<arg>${STOP}</arg>
</arguments>
<msg timestamp="20200223 18:47:53.771" level="INFO">Current page contains text 'Kauppakorkeakoulut'.</msg>
<status status="PASS" starttime="20200223 18:47:53.744" endtime="20200223 18:47:53.771"></status>
</kw>
<status status="PASS" starttime="20200223 18:47:53.743" endtime="20200223 18:47:53.771"></status>
</kw>
<kw name="Show a nearby stop" library="TimetableApp">
<arguments>
<arg>Fredrikinkatu</arg>
</arguments>
<kw name="Page Should Contain" library="SeleniumLibrary">
<doc>Verifies that current page contains ``text``.</doc>
<arguments>
<arg>${STOP}</arg>
</arguments>
<msg timestamp="20200223 18:47:53.799" level="INFO">Current page contains text 'Fredrikinkatu'.</msg>
<status status="PASS" starttime="20200223 18:47:53.771" endtime="20200223 18:47:53.799"></status>
</kw>
<status status="PASS" starttime="20200223 18:47:53.771" endtime="20200223 18:47:53.799"></status>
</kw>
<kw name="End Web Test" library="Common" type="teardown">
<kw name="Close Browser" library="SeleniumLibrary">
<doc>Closes the current browser.</doc>
<status status="PASS" starttime="20200223 18:47:53.799" endtime="20200223 18:47:53.856"></status>
</kw>
<status status="PASS" starttime="20200223 18:47:53.799" endtime="20200223 18:47:53.857"></status>
</kw>
<status status="PASS" starttime="20200223 18:47:51.905" endtime="20200223 18:47:53.858" critical="yes"></status>
</test>
<doc>Test register</doc>
<status status="PASS" starttime="20200223 18:47:51.809" endtime="20200223 18:47:53.859"></status>
</suite>
<status status="PASS" starttime="20200223 18:47:51.791" endtime="20200223 18:47:53.861"></status>
</suite>
<statistics>
<total>
<stat pass="1" fail="0">Critical Tests</stat>
<stat pass="1" fail="0">All Tests</stat>
</total>
<tag>
</tag>
<suite>
<stat pass="1" fail="0" id="s1" name="Tests">Tests</stat>
<stat pass="1" fail="0" id="s1-s1" name="TimeTable">Tests.TimeTable</stat>
</suite>
</statistics>
<errors>
</errors>
</robot>
