<?xml version="1.0" encoding="UTF-8"?>
<robot generator="Robot 3.1.2 (Python 3.7.1 on linux)" generated="20200223 02:24:23.839" rpa="false">
<suite id="s1" name="Tests" source="/home/local/luoyumo/Desktop/eficode_preassignment/tests/Tests">
<suite id="s1-s1" name="TimeTable" source="/home/local/luoyumo/Desktop/eficode_preassignment/tests/Tests/TimeTable.robot">
<test id="s1-s1-t1" name="App should be able to show nearby stops">
<kw name="Begin Web Test" library="Common" type="setup">
<kw name="Open Browser" library="SeleniumLibrary">
<doc>Opens a new browser instance to the optional ``url``.</doc>
<arguments>
<arg>about:blank</arg>
<arg>chrome</arg>
</arguments>
<msg timestamp="20200223 02:24:23.945" level="INFO">Opening browser 'chrome' to base url 'about:blank'.</msg>
<status status="PASS" starttime="20200223 02:24:23.945" endtime="20200223 02:24:24.603"></status>
</kw>
<status status="PASS" starttime="20200223 02:24:23.945" endtime="20200223 02:24:24.603"></status>
</kw>
<kw name="Go to main page" library="TimetableApp">
<kw name="Load" library="LandingPage">
<kw name="Go To" library="SeleniumLibrary">
<doc>Navigates the current browser window to the provided ``url``.</doc>
<arguments>
<arg>${START_URL}</arg>
</arguments>
<msg timestamp="20200223 02:24:24.608" level="INFO">Opening url 'http://localhost:3000'</msg>
<status status="PASS" starttime="20200223 02:24:24.608" endtime="20200223 02:24:25.407"></status>
</kw>
<status status="PASS" starttime="20200223 02:24:24.607" endtime="20200223 02:24:25.408"></status>
</kw>
<kw name="Verify Page Loaded" library="LandingPage">
<kw name="Wait Until Page Contains" library="SeleniumLibrary">
<doc>Waits until ``text`` appears on the current page.</doc>
<arguments>
<arg>Timetable of Public Transportation from Eficode Headquarter</arg>
</arguments>
<status status="PASS" starttime="20200223 02:24:25.408" endtime="20200223 02:24:25.766"></status>
</kw>
<status status="PASS" starttime="20200223 02:24:25.408" endtime="20200223 02:24:25.766"></status>
</kw>
<status status="PASS" starttime="20200223 02:24:24.606" endtime="20200223 02:24:25.766"></status>
</kw>
<kw name="Show a nearby stop" library="TimetableApp">
<arguments>
<arg>Kauppakorkeakoulut</arg>
</arguments>
<kw name="Page Should Contain" library="SeleniumLibrary">
<doc>Verifies that current page contains ``text``.</doc>
<arguments>
<arg>${STOP}</arg>
</arguments>
<msg timestamp="20200223 02:24:25.798" level="INFO">Current page contains text 'Kauppakorkeakoulut'.</msg>
<status status="PASS" starttime="20200223 02:24:25.767" endtime="20200223 02:24:25.798"></status>
</kw>
<status status="PASS" starttime="20200223 02:24:25.766" endtime="20200223 02:24:25.798"></status>
</kw>
<kw name="Show a nearby stop" library="TimetableApp">
<arguments>
<arg>Fredrikinkatu</arg>
</arguments>
<kw name="Page Should Contain" library="SeleniumLibrary">
<doc>Verifies that current page contains ``text``.</doc>
<arguments>
<arg>${STOP}</arg>
</arguments>
<msg timestamp="20200223 02:24:25.822" level="INFO">Current page contains text 'Fredrikinkatu'.</msg>
<status status="PASS" starttime="20200223 02:24:25.799" endtime="20200223 02:24:25.822"></status>
</kw>
<status status="PASS" starttime="20200223 02:24:25.799" endtime="20200223 02:24:25.822"></status>
</kw>
<kw name="End Web Test" library="Common" type="teardown">
<kw name="Close Browser" library="SeleniumLibrary">
<doc>Closes the current browser.</doc>
<status status="PASS" starttime="20200223 02:24:25.823" endtime="20200223 02:24:25.881"></status>
</kw>
<status status="PASS" starttime="20200223 02:24:25.823" endtime="20200223 02:24:25.881"></status>
</kw>
<status status="PASS" starttime="20200223 02:24:23.944" endtime="20200223 02:24:25.881" critical="yes"></status>
</test>
<test id="s1-s1-t2" name="User should be able to choose time range within which transportation will leave">
<kw name="Begin Web Test" library="Common" type="setup">
<kw name="Open Browser" library="SeleniumLibrary">
<doc>Opens a new browser instance to the optional ``url``.</doc>
<arguments>
<arg>about:blank</arg>
<arg>chrome</arg>
</arguments>
<msg timestamp="20200223 02:24:25.885" level="INFO">Opening browser 'chrome' to base url 'about:blank'.</msg>
<status status="PASS" starttime="20200223 02:24:25.885" endtime="20200223 02:24:27.541"></status>
</kw>
<status status="PASS" starttime="20200223 02:24:25.884" endtime="20200223 02:24:27.542"></status>
</kw>
<kw name="Go to main page" library="TimetableApp">
<kw name="Load" library="LandingPage">
<kw name="Go To" library="SeleniumLibrary">
<doc>Navigates the current browser window to the provided ``url``.</doc>
<arguments>
<arg>${START_URL}</arg>
</arguments>
<msg timestamp="20200223 02:24:27.544" level="INFO">Opening url 'http://localhost:3000'</msg>
<status status="PASS" starttime="20200223 02:24:27.543" endtime="20200223 02:24:28.185"></status>
</kw>
<status status="PASS" starttime="20200223 02:24:27.543" endtime="20200223 02:24:28.185"></status>
</kw>
<kw name="Verify Page Loaded" library="LandingPage">
<kw name="Wait Until Page Contains" library="SeleniumLibrary">
<doc>Waits until ``text`` appears on the current page.</doc>
<arguments>
<arg>Timetable of Public Transportation from Eficode Headquarter</arg>
</arguments>
<status status="PASS" starttime="20200223 02:24:28.185" endtime="20200223 02:24:28.504"></status>
</kw>
<status status="PASS" starttime="20200223 02:24:28.185" endtime="20200223 02:24:28.504"></status>
</kw>
<status status="PASS" starttime="20200223 02:24:27.542" endtime="20200223 02:24:28.504"></status>
</kw>
<kw name="Choose time range from dropdown" library="TimetableApp">
<arguments>
<arg>${TIME_RANGE_8}</arg>
</arguments>
<kw name="Page Should Contain Element" library="SeleniumLibrary">
<doc>Verifies that element ``locator`` is found on the current page.</doc>
<arguments>
<arg>${TIME_RANGE_DROPDOWN}</arg>
</arguments>
<msg timestamp="20200223 02:24:28.519" level="INFO">Current page contains element 'id=timeRange'.</msg>
<status status="PASS" starttime="20200223 02:24:28.505" endtime="20200223 02:24:28.519"></status>
</kw>
<kw name="Click Element" library="SeleniumLibrary">
<doc>Click the element identified by ``locator``.</doc>
<arguments>
<arg>${TIME_RANGE_DROPDOWN}</arg>
</arguments>
<msg timestamp="20200223 02:24:28.520" level="INFO">Clicking element 'id=timeRange'.</msg>
<status status="PASS" starttime="20200223 02:24:28.519" endtime="20200223 02:24:28.586"></status>
</kw>
<kw name="Click Element" library="SeleniumLibrary">
<doc>Click the element identified by ``locator``.</doc>
<arguments>
<arg>${TIME_RANGE}</arg>
</arguments>
<msg timestamp="20200223 02:24:28.586" level="INFO">Clicking element 'xpath=//*[@id="timeRange"]/div[2]/div[8]'.</msg>
<status status="PASS" starttime="20200223 02:24:28.586" endtime="20200223 02:24:28.667"></status>
</kw>
<status status="PASS" starttime="20200223 02:24:28.504" endtime="20200223 02:24:28.667"></status>
</kw>
<kw name="Should contain routes whose departure time is more than an hour" library="TimetableApp">
<kw name="Wait Until Element Contains" library="SeleniumLibrary">
<doc>Waits until the element ``locator`` contains ``text``.</doc>
<arguments>
<arg>${TIME_TABLE}</arg>
<arg>:</arg>
</arguments>
<status status="PASS" starttime="20200223 02:24:28.667" endtime="20200223 02:24:29.014"></status>
</kw>
<status status="PASS" starttime="20200223 02:24:28.667" endtime="20200223 02:24:29.014"></status>
</kw>
<kw name="Choose time range from dropdown" library="TimetableApp">
<arguments>
<arg>${TIME_RANGE_1}</arg>
</arguments>
<kw name="Page Should Contain Element" library="SeleniumLibrary">
<doc>Verifies that element ``locator`` is found on the current page.</doc>
<arguments>
<arg>${TIME_RANGE_DROPDOWN}</arg>
</arguments>
<msg timestamp="20200223 02:24:29.022" level="INFO">Current page contains element 'id=timeRange'.</msg>
<status status="PASS" starttime="20200223 02:24:29.015" endtime="20200223 02:24:29.022"></status>
</kw>
<kw name="Click Element" library="SeleniumLibrary">
<doc>Click the element identified by ``locator``.</doc>
<arguments>
<arg>${TIME_RANGE_DROPDOWN}</arg>
</arguments>
<msg timestamp="20200223 02:24:29.022" level="INFO">Clicking element 'id=timeRange'.</msg>
<status status="PASS" starttime="20200223 02:24:29.022" endtime="20200223 02:24:29.074"></status>
</kw>
<kw name="Click Element" library="SeleniumLibrary">
<doc>Click the element identified by ``locator``.</doc>
<arguments>
<arg>${TIME_RANGE}</arg>
</arguments>
<msg timestamp="20200223 02:24:29.075" level="INFO">Clicking element 'xpath=//*[@id="timeRange"]/div[2]/div[1]'.</msg>
<status status="PASS" starttime="20200223 02:24:29.074" endtime="20200223 02:24:29.170"></status>
</kw>
<status status="PASS" starttime="20200223 02:24:29.014" endtime="20200223 02:24:29.170"></status>
</kw>
<kw name="Should only contain routes whose departure time is within an hour" library="TimetableApp">
<kw name="Wait Until Element Does Not Contain" library="SeleniumLibrary">
<doc>Waits until the element ``locator`` does not contain ``text``.</doc>
<arguments>
<arg>${TIME_TABLE}</arg>
<arg>:</arg>
</arguments>
<status status="PASS" starttime="20200223 02:24:29.170" endtime="20200223 02:24:29.464"></status>
</kw>
<status status="PASS" starttime="20200223 02:24:29.170" endtime="20200223 02:24:29.464"></status>
</kw>
<kw name="End Web Test" library="Common" type="teardown">
<kw name="Close Browser" library="SeleniumLibrary">
<doc>Closes the current browser.</doc>
<status status="PASS" starttime="20200223 02:24:29.465" endtime="20200223 02:24:29.524"></status>
</kw>
<status status="PASS" starttime="20200223 02:24:29.464" endtime="20200223 02:24:29.524"></status>
</kw>
<status status="PASS" starttime="20200223 02:24:25.883" endtime="20200223 02:24:29.524" critical="yes"></status>
</test>
<doc>Test register</doc>
<status status="PASS" starttime="20200223 02:24:23.859" endtime="20200223 02:24:29.525"></status>
</suite>
<status status="PASS" starttime="20200223 02:24:23.841" endtime="20200223 02:24:29.527"></status>
</suite>
<statistics>
<total>
<stat pass="2" fail="0">Critical Tests</stat>
<stat pass="2" fail="0">All Tests</stat>
</total>
<tag>
</tag>
<suite>
<stat pass="2" fail="0" id="s1" name="Tests">Tests</stat>
<stat pass="2" fail="0" id="s1-s1" name="TimeTable">Tests.TimeTable</stat>
</suite>
</statistics>
<errors>
</errors>
</robot>
